<?xml version="1.0" encoding="UTF-8"?>
<!-- Generated by org.testng.reporters.JUnitXMLReporter -->
<testsuite ignored="3" hostname="DESKTOP-TUU9F5D" failures="0" tests="5" name="Default test" time="45.361" errors="0" timestamp="2025-01-27T08:29:40 EET">
  <testcase classname="AlmosaferWebsite.FirstTest" name="QitafLogo" time="1.418"/>
  <testcase classname="AlmosaferWebsite.FirstTest" name="CheckHotelTabIsNotSelected" time="0.532"/>
  <testcase classname="AlmosaferWebsite.FirstTest" name="CheckDepatureDate" time="0.157"/>
  <testcase classname="AlmosaferWebsite.FirstTest" name="CheckReturnDate" time="0.042"/>
  <testcase classname="AlmosaferWebsite.FirstTest" name="RandomlyChangeWebSiteLanguage" time="33.456"/>
  <testcase classname="AlmosaferWebsite.FirstTest" name="ContactNumber" time="0.0">
    <ignored/>
  </testcase> <!-- ContactNumber -->
  <testcase classname="AlmosaferWebsite.FirstTest" name="DefaultLanguage" time="0.0">
    <ignored/>
  </testcase> <!-- DefaultLanguage -->
  <testcase classname="AlmosaferWebsite.FirstTest" name="DefaultCurrency" time="0.0">
    <ignored/>
  </testcase> <!-- DefaultCurrency -->
</testsuite> <!-- Default test -->
